1598629198376	geckodriver	INFO	Listening on 127.0.0.1:50269
1598629199342	mozrunner::runner	INFO	Running command: "/usr/bin/firefox" "--marionette" "-headless" "-foreground" "-no-remote" "-profile" "/tmp/rust_mozprofileCFUjRT"
*** You are running in headless mode.
console.error: SearchCache: "_readCacheFile: Error reading cache file:" (new Error("", "(unknown module)"))
1598629211034	Marionette	INFO	Listening on port 39923
1598629211074	Marionette	WARN	TLS certificate errors will be ignored for this session
1598629222557	Marionette	INFO	Stopped listening on port 39923
1598629223843	geckodriver	INFO	Listening on 127.0.0.1:58737
1598629224849	mozrunner::runner	INFO	Running command: "/usr/bin/firefox" "--marionette" "-headless" "-foreground" "-no-remote" "-profile" "/tmp/rust_mozprofilegaRRt3"
*** You are running in headless mode.
console.error: SearchCache: "_readCacheFile: Error reading cache file:" (new Error("", "(unknown module)"))
1598629226782	Marionette	INFO	Listening on port 42945
1598629226856	Marionette	WARN	TLS certificate errors will be ignored for this session
1598629237735	Marionette	INFO	Stopped listening on port 42945
1598629238201	geckodriver	INFO	Listening on 127.0.0.1:52005
1598629239208	mozrunner::runner	INFO	Running command: "/usr/bin/firefox" "--marionette" "-headless" "-foreground" "-no-remote" "-profile" "/tmp/rust_mozprofileJLzjSY"
*** You are running in headless mode.
console.error: SearchCache: "_readCacheFile: Error reading cache file:" (new Error("", "(unknown module)"))
1598629241341	Marionette	INFO	Listening on port 36555
1598629241417	Marionette	WARN	TLS certificate errors will be ignored for this session
1598629252310	Marionette	INFO	Stopped listening on port 36555
1598629252908	geckodriver	INFO	Listening on 127.0.0.1:57053
1598629253914	mozrunner::runner	INFO	Running command: "/usr/bin/firefox" "--marionette" "-headless" "-foreground" "-no-remote" "-profile" "/tmp/rust_mozprofilex0M7ar"
*** You are running in headless mode.
console.error: SearchCache: "_readCacheFile: Error reading cache file:" (new Error("", "(unknown module)"))
1598629256159	Marionette	INFO	Listening on port 33459
1598629256221	Marionette	WARN	TLS certificate errors will be ignored for this session
1598629267048	Marionette	INFO	Stopped listening on port 33459
1598630861605	geckodriver	INFO	Listening on 127.0.0.1:46379
1598630862373	mozrunner::runner	INFO	Running command: "/usr/bin/firefox" "--marionette" "-headless" "-foreground" "-no-remote" "-profile" "/tmp/rust_mozprofilebcYORr"
*** You are running in headless mode.
console.error: SearchCache: "_readCacheFile: Error reading cache file:" (new Error("", "(unknown module)"))
1598630865929	Marionette	INFO	Listening on port 34605
1598630865994	Marionette	WARN	TLS certificate errors will be ignored for this session
1598630877488	Marionette	INFO	Stopped listening on port 34605
1598630878080	geckodriver	INFO	Listening on 127.0.0.1:42245
1598630879087	mozrunner::runner	INFO	Running command: "/usr/bin/firefox" "--marionette" "-headless" "-foreground" "-no-remote" "-profile" "/tmp/rust_mozprofile2nrjL2"
*** You are running in headless mode.
console.error: SearchCache: "_readCacheFile: Error reading cache file:" (new Error("", "(unknown module)"))
1598630881410	Marionette	INFO	Listening on port 44687
1598630881495	Marionette	WARN	TLS certificate errors will be ignored for this session
1598630892351	Marionette	INFO	Stopped listening on port 44687
1598630895658	geckodriver	INFO	Listening on 127.0.0.1:50613
1598630896663	mozrunner::runner	INFO	Running command: "/usr/bin/firefox" "--marionette" "-headless" "-foreground" "-no-remote" "-profile" "/tmp/rust_mozprofileRXLS34"
*** You are running in headless mode.
console.error: SearchCache: "_readCacheFile: Error reading cache file:" (new Error("", "(unknown module)"))
1598630899003	Marionette	INFO	Listening on port 37915
1598630899072	Marionette	WARN	TLS certificate errors will be ignored for this session
1598630910225	Marionette	INFO	Stopped listening on port 37915
1598630911514	geckodriver	INFO	Listening on 127.0.0.1:56137
1598630912519	mozrunner::runner	INFO	Running command: "/usr/bin/firefox" "--marionette" "-headless" "-foreground" "-no-remote" "-profile" "/tmp/rust_mozprofile1wbCDD"
*** You are running in headless mode.
console.error: SearchCache: "_readCacheFile: Error reading cache file:" (new Error("", "(unknown module)"))
1598630914825	Marionette	INFO	Listening on port 34019
1598630914834	Marionette	WARN	TLS certificate errors will be ignored for this session
1598630925889	Marionette	INFO	Stopped listening on port 34019
1598634446806	geckodriver	INFO	Listening on 127.0.0.1:34081
1598634447729	mozrunner::runner	INFO	Running command: "/usr/bin/firefox" "--marionette" "-headless" "-foreground" "-no-remote" "-profile" "/tmp/rust_mozprofileZr2MLy"
*** You are running in headless mode.
console.error: SearchCache: "_readCacheFile: Error reading cache file:" (new Error("", "(unknown module)"))
1598634460856	Marionette	INFO	Listening on port 41751
1598634460861	Marionette	WARN	TLS certificate errors will be ignored for this session
1598634472640	Marionette	INFO	Stopped listening on port 41751
1598634474933	geckodriver	INFO	Listening on 127.0.0.1:47297
1598634475938	mozrunner::runner	INFO	Running command: "/usr/bin/firefox" "--marionette" "-headless" "-foreground" "-no-remote" "-profile" "/tmp/rust_mozprofileDcktm5"
*** You are running in headless mode.
console.error: SearchCache: "_readCacheFile: Error reading cache file:" (new Error("", "(unknown module)"))
1598634478475	Marionette	INFO	Listening on port 44021
1598634478546	Marionette	WARN	TLS certificate errors will be ignored for this session
1598634489507	Marionette	INFO	Stopped listening on port 44021
1598634490002	geckodriver	INFO	Listening on 127.0.0.1:38525
1598634491007	mozrunner::runner	INFO	Running command: "/usr/bin/firefox" "--marionette" "-headless" "-foreground" "-no-remote" "-profile" "/tmp/rust_mozprofilemBx9Ph"
*** You are running in headless mode.
console.error: SearchCache: "_readCacheFile: Error reading cache file:" (new Error("", "(unknown module)"))
1598634493245	Marionette	INFO	Listening on port 34255
1598634493315	Marionette	WARN	TLS certificate errors will be ignored for this session
1598634504876	Marionette	INFO	Stopped listening on port 34255
1598634505376	geckodriver	INFO	Listening on 127.0.0.1:58769
1598634506381	mozrunner::runner	INFO	Running command: "/usr/bin/firefox" "--marionette" "-headless" "-foreground" "-no-remote" "-profile" "/tmp/rust_mozprofiletaJ50q"
*** You are running in headless mode.
console.error: SearchCache: "_readCacheFile: Error reading cache file:" (new Error("", "(unknown module)"))
1598634508731	Marionette	INFO	Listening on port 45719
1598634508791	Marionette	WARN	TLS certificate errors will be ignored for this session
1598634520145	Marionette	INFO	Stopped listening on port 45719
1598635142444	geckodriver	INFO	Listening on 127.0.0.1:46253
1598635143396	mozrunner::runner	INFO	Running command: "/usr/bin/firefox" "--marionette" "-headless" "-foreground" "-no-remote" "-profile" "/tmp/rust_mozprofileWYJe2i"
*** You are running in headless mode.
console.error: SearchCache: "_readCacheFile: Error reading cache file:" (new Error("", "(unknown module)"))
1598635152411	Marionette	INFO	Listening on port 41599
1598635152424	Marionette	WARN	TLS certificate errors will be ignored for this session
1598635174054	Marionette	INFO	Stopped listening on port 41599
1598635174636	geckodriver	INFO	Listening on 127.0.0.1:59141
1598635175642	mozrunner::runner	INFO	Running command: "/usr/bin/firefox" "--marionette" "-headless" "-foreground" "-no-remote" "-profile" "/tmp/rust_mozprofile7NfsFc"
*** You are running in headless mode.
console.error: SearchCache: "_readCacheFile: Error reading cache file:" (new Error("", "(unknown module)"))
1598635177992	Marionette	INFO	Listening on port 38433
1598635178051	Marionette	WARN	TLS certificate errors will be ignored for this session
1598635198894	Marionette	INFO	Stopped listening on port 38433
1598635201190	geckodriver	INFO	Listening on 127.0.0.1:33369
1598635201194	mozrunner::runner	INFO	Running command: "/usr/bin/firefox" "--marionette" "-headless" "-foreground" "-no-remote" "-profile" "/tmp/rust_mozprofilewgT9J0"
*** You are running in headless mode.
console.error: SearchCache: "_readCacheFile: Error reading cache file:" (new Error("", "(unknown module)"))
1598635203526	Marionette	INFO	Listening on port 32911
1598635203603	Marionette	WARN	TLS certificate errors will be ignored for this session
1598635224652	Marionette	INFO	Stopped listening on port 32911
1598635225236	geckodriver	INFO	Listening on 127.0.0.1:38207
1598635225241	mozrunner::runner	INFO	Running command: "/usr/bin/firefox" "--marionette" "-headless" "-foreground" "-no-remote" "-profile" "/tmp/rust_mozprofilejrFsUW"
*** You are running in headless mode.
console.error: SearchCache: "_readCacheFile: Error reading cache file:" (new Error("", "(unknown module)"))
1598635227564	Marionette	INFO	Listening on port 37609
1598635227658	Marionette	WARN	TLS certificate errors will be ignored for this session
1598635249131	Marionette	INFO	Stopped listening on port 37609
